<html>
<head>
<title>TestNG:  Test</title>
<link href="../testng.css" rel="stylesheet" type="text/css" />
<link href="../my-testng.css" rel="stylesheet" type="text/css" />

<style type="text/css">
.log { display: none;} 
.stack-trace { display: none;} 
</style>
<script type="text/javascript">
<!--
function flip(e) {
  current = e.style.display;
  if (current == 'block') {
    e.style.display = 'none';
    return 0;
  }
  else {
    e.style.display = 'block';
    return 1;
  }
}

function toggleBox(szDivId, elem, msg1, msg2)
{
  var res = -1;  if (document.getElementById) {
    res = flip(document.getElementById(szDivId));
  }
  else if (document.all) {
    // this is the way old msie versions work
    res = flip(document.all[szDivId]);
  }
  if(elem) {
    if(res == 0) elem.innerHTML = msg1; else elem.innerHTML = msg2;
  }

}

function toggleAllBoxes() {
  if (document.getElementsByTagName) {
    d = document.getElementsByTagName('div');
    for (i = 0; i < d.length; i++) {
      if (d[i].className == 'log') {
        flip(d[i]);
      }
    }
  }
}

// -->
</script>

</head>
<body>
<h2 align='center'>Test</h2><table border='1' align="center">
<tr>
<td>Tests passed/Failed/Skipped:</td><td>20/5/1</td>
</tr><tr>
<td>Started on:</td><td>Fri Jun 03 10:20:01 IST 2022</td>
</tr>
<tr><td>Total time:</td><td>0 seconds (131 ms)</td>
</tr><tr>
<td>Included groups:</td><td></td>
</tr><tr>
<td>Excluded groups:</td><td></td>
</tr>
</table><p/>
<small><i>(Hover the method name to see the test class name)</i></small><p/>
<table width='100%' border='1' class='invocation-failed'>
<tr><td colspan='4' align='center'><b>FAILED TESTS</b></td></tr>
<tr><td><b>Test method</b></td>
<td width="30%"><b>Exception</b></td>
<td width="10%"><b>Time (seconds)</b></td>
<td><b>Instance</b></td>
</tr>
<tr>
<td title='demoPackageV1.SoftAssert1.test1()'><b>test1</b><br>Test class: demoPackageV1.SoftAssert1</td>
<td><div><pre>java.lang.AssertionError: The following asserts failed:
	expected [7] but found [5]
	at demoPackageV1.SoftAssert1.test1(SoftAssert1.java:16)
	at java.base/java.util.concurrent.ThreadPoolExecutor.runWorker(ThreadPoolExecutor.java:1136)
	at java.base/java.util.concurrent.ThreadPoolExecutor$Worker.run(ThreadPoolExecutor.java:635)
	at java.base/java.lang.Thread.run(Thread.java:833)
... Removed 14 stack frames</pre></div><a href='#' onClick='toggleBox("stack-trace1540929454", this, "Click to show all stack frames", "Click to hide stack frames")'>Click to show all stack frames</a>
<div class='stack-trace' id='stack-trace1540929454'><pre>java.lang.AssertionError: The following asserts failed:
	expected [7] but found [5]
	at org.testng.asserts.SoftAssert.assertAll(SoftAssert.java:47)
	at org.testng.asserts.SoftAssert.assertAll(SoftAssert.java:31)
	at demoPackageV1.SoftAssert1.test1(SoftAssert1.java:16)
	at java.base/jdk.internal.reflect.NativeMethodAccessorImpl.invoke0(Native Method)
	at java.base/jdk.internal.reflect.NativeMethodAccessorImpl.invoke(NativeMethodAccessorImpl.java:77)
	at java.base/jdk.internal.reflect.DelegatingMethodAccessorImpl.invoke(DelegatingMethodAccessorImpl.java:43)
	at java.base/java.lang.reflect.Method.invoke(Method.java:568)
	at org.testng.internal.MethodInvocationHelper.invokeMethod(MethodInvocationHelper.java:133)
	at org.testng.internal.TestInvoker.invokeMethod(TestInvoker.java:598)
	at org.testng.internal.TestInvoker.invokeTestMethod(TestInvoker.java:173)
	at org.testng.internal.MethodRunner.runInSequence(MethodRunner.java:46)
	at org.testng.internal.TestInvoker$MethodInvocationAgent.invoke(TestInvoker.java:824)
	at org.testng.internal.TestInvoker.invokeTestMethods(TestInvoker.java:146)
	at org.testng.internal.TestMethodWorker.invokeTestMethods(TestMethodWorker.java:146)
	at org.testng.internal.TestMethodWorker.run(TestMethodWorker.java:128)
	at java.base/java.util.concurrent.ThreadPoolExecutor.runWorker(ThreadPoolExecutor.java:1136)
	at java.base/java.util.concurrent.ThreadPoolExecutor$Worker.run(ThreadPoolExecutor.java:635)
	at java.base/java.lang.Thread.run(Thread.java:833)
</pre></div></td>
<td>0</td>
<td>demoPackageV1.SoftAssert1@6adbc9d</td></tr>
<tr>
<td title='listeners1.Sample.test4()'><b>test4</b><br>Test class: listeners1.Sample</td>
<td><div><pre>java.lang.AssertionError: null
	at listeners1.Sample.test4(Sample.java:32)
	at java.base/java.util.concurrent.ThreadPoolExecutor.runWorker(ThreadPoolExecutor.java:1136)
	at java.base/java.util.concurrent.ThreadPoolExecutor$Worker.run(ThreadPoolExecutor.java:635)
	at java.base/java.lang.Thread.run(Thread.java:833)
... Removed 14 stack frames</pre></div><a href='#' onClick='toggleBox("stack-trace239352175", this, "Click to show all stack frames", "Click to hide stack frames")'>Click to show all stack frames</a>
<div class='stack-trace' id='stack-trace239352175'><pre>java.lang.AssertionError: null
	at org.testng.Assert.fail(Assert.java:99)
	at org.testng.Assert.fail(Assert.java:106)
	at listeners1.Sample.test4(Sample.java:32)
	at java.base/jdk.internal.reflect.NativeMethodAccessorImpl.invoke0(Native Method)
	at java.base/jdk.internal.reflect.NativeMethodAccessorImpl.invoke(NativeMethodAccessorImpl.java:77)
	at java.base/jdk.internal.reflect.DelegatingMethodAccessorImpl.invoke(DelegatingMethodAccessorImpl.java:43)
	at java.base/java.lang.reflect.Method.invoke(Method.java:568)
	at org.testng.internal.MethodInvocationHelper.invokeMethod(MethodInvocationHelper.java:133)
	at org.testng.internal.TestInvoker.invokeMethod(TestInvoker.java:598)
	at org.testng.internal.TestInvoker.invokeTestMethod(TestInvoker.java:173)
	at org.testng.internal.MethodRunner.runInSequence(MethodRunner.java:46)
	at org.testng.internal.TestInvoker$MethodInvocationAgent.invoke(TestInvoker.java:824)
	at org.testng.internal.TestInvoker.invokeTestMethods(TestInvoker.java:146)
	at org.testng.internal.TestMethodWorker.invokeTestMethods(TestMethodWorker.java:146)
	at org.testng.internal.TestMethodWorker.run(TestMethodWorker.java:128)
	at java.base/java.util.concurrent.ThreadPoolExecutor.runWorker(ThreadPoolExecutor.java:1136)
	at java.base/java.util.concurrent.ThreadPoolExecutor$Worker.run(ThreadPoolExecutor.java:635)
	at java.base/java.lang.Thread.run(Thread.java:833)
</pre></div></td>
<td>0</td>
<td>listeners1.Sample@77fbd92c</td></tr>
<tr>
<td title='listeners1.Sample.test2()'><b>test2</b><br>Test class: listeners1.Sample</td>
<td><div><pre>java.lang.AssertionError: null
	at listeners1.Sample.test2(Sample.java:19)
	at java.base/java.util.concurrent.ThreadPoolExecutor.runWorker(ThreadPoolExecutor.java:1136)
	at java.base/java.util.concurrent.ThreadPoolExecutor$Worker.run(ThreadPoolExecutor.java:635)
	at java.base/java.lang.Thread.run(Thread.java:833)
... Removed 14 stack frames</pre></div><a href='#' onClick='toggleBox("stack-trace1661889731", this, "Click to show all stack frames", "Click to hide stack frames")'>Click to show all stack frames</a>
<div class='stack-trace' id='stack-trace1661889731'><pre>java.lang.AssertionError: null
	at org.testng.Assert.fail(Assert.java:99)
	at org.testng.Assert.fail(Assert.java:106)
	at listeners1.Sample.test2(Sample.java:19)
	at java.base/jdk.internal.reflect.NativeMethodAccessorImpl.invoke0(Native Method)
	at java.base/jdk.internal.reflect.NativeMethodAccessorImpl.invoke(NativeMethodAccessorImpl.java:77)
	at java.base/jdk.internal.reflect.DelegatingMethodAccessorImpl.invoke(DelegatingMethodAccessorImpl.java:43)
	at java.base/java.lang.reflect.Method.invoke(Method.java:568)
	at org.testng.internal.MethodInvocationHelper.invokeMethod(MethodInvocationHelper.java:133)
	at org.testng.internal.TestInvoker.invokeMethod(TestInvoker.java:598)
	at org.testng.internal.TestInvoker.invokeTestMethod(TestInvoker.java:173)
	at org.testng.internal.MethodRunner.runInSequence(MethodRunner.java:46)
	at org.testng.internal.TestInvoker$MethodInvocationAgent.invoke(TestInvoker.java:824)
	at org.testng.internal.TestInvoker.invokeTestMethods(TestInvoker.java:146)
	at org.testng.internal.TestMethodWorker.invokeTestMethods(TestMethodWorker.java:146)
	at org.testng.internal.TestMethodWorker.run(TestMethodWorker.java:128)
	at java.base/java.util.concurrent.ThreadPoolExecutor.runWorker(ThreadPoolExecutor.java:1136)
	at java.base/java.util.concurrent.ThreadPoolExecutor$Worker.run(ThreadPoolExecutor.java:635)
	at java.base/java.lang.Thread.run(Thread.java:833)
</pre></div></td>
<td>0</td>
<td>listeners1.Sample@77fbd92c</td></tr>
<tr>
<td title='demoPackageV1.SoftAssert1.test2()'><b>test2</b><br>Test class: demoPackageV1.SoftAssert1</td>
<td><div><pre>java.lang.AssertionError: expected [true] but found [false]
	at demoPackageV1.SoftAssert1.test2(SoftAssert1.java:22)
	at java.base/java.util.concurrent.ThreadPoolExecutor.runWorker(ThreadPoolExecutor.java:1136)
	at java.base/java.util.concurrent.ThreadPoolExecutor$Worker.run(ThreadPoolExecutor.java:635)
	at java.base/java.lang.Thread.run(Thread.java:833)
... Removed 16 stack frames</pre></div><a href='#' onClick='toggleBox("stack-trace255809073", this, "Click to show all stack frames", "Click to hide stack frames")'>Click to show all stack frames</a>
<div class='stack-trace' id='stack-trace255809073'><pre>java.lang.AssertionError: expected [true] but found [false]
	at org.testng.Assert.fail(Assert.java:99)
	at org.testng.Assert.failNotEquals(Assert.java:1037)
	at org.testng.Assert.assertTrue(Assert.java:45)
	at org.testng.Assert.assertTrue(Assert.java:55)
	at demoPackageV1.SoftAssert1.test2(SoftAssert1.java:22)
	at java.base/jdk.internal.reflect.NativeMethodAccessorImpl.invoke0(Native Method)
	at java.base/jdk.internal.reflect.NativeMethodAccessorImpl.invoke(NativeMethodAccessorImpl.java:77)
	at java.base/jdk.internal.reflect.DelegatingMethodAccessorImpl.invoke(DelegatingMethodAccessorImpl.java:43)
	at java.base/java.lang.reflect.Method.invoke(Method.java:568)
	at org.testng.internal.MethodInvocationHelper.invokeMethod(MethodInvocationHelper.java:133)
	at org.testng.internal.TestInvoker.invokeMethod(TestInvoker.java:598)
	at org.testng.internal.TestInvoker.invokeTestMethod(TestInvoker.java:173)
	at org.testng.internal.MethodRunner.runInSequence(MethodRunner.java:46)
	at org.testng.internal.TestInvoker$MethodInvocationAgent.invoke(TestInvoker.java:824)
	at org.testng.internal.TestInvoker.invokeTestMethods(TestInvoker.java:146)
	at org.testng.internal.TestMethodWorker.invokeTestMethods(TestMethodWorker.java:146)
	at org.testng.internal.TestMethodWorker.run(TestMethodWorker.java:128)
	at java.base/java.util.concurrent.ThreadPoolExecutor.runWorker(ThreadPoolExecutor.java:1136)
	at java.base/java.util.concurrent.ThreadPoolExecutor$Worker.run(ThreadPoolExecutor.java:635)
	at java.base/java.lang.Thread.run(Thread.java:833)
</pre></div></td>
<td>0</td>
<td>demoPackageV1.SoftAssert1@6adbc9d</td></tr>
<tr>
<td title='annotations.TestNGKey.nop()'><b>nop</b><br>Test class: annotations.TestNGKey</td>
<td><div><pre>java.lang.AssertionError: null
	at annotations.TestNGKey.nop(TestNGKey.java:26)
	at java.base/java.util.concurrent.ThreadPoolExecutor.runWorker(ThreadPoolExecutor.java:1136)
	at java.base/java.util.concurrent.ThreadPoolExecutor$Worker.run(ThreadPoolExecutor.java:635)
	at java.base/java.lang.Thread.run(Thread.java:833)
... Removed 14 stack frames</pre></div><a href='#' onClick='toggleBox("stack-trace1561999077", this, "Click to show all stack frames", "Click to hide stack frames")'>Click to show all stack frames</a>
<div class='stack-trace' id='stack-trace1561999077'><pre>java.lang.AssertionError: null
	at org.testng.Assert.fail(Assert.java:99)
	at org.testng.Assert.fail(Assert.java:106)
	at annotations.TestNGKey.nop(TestNGKey.java:26)
	at java.base/jdk.internal.reflect.NativeMethodAccessorImpl.invoke0(Native Method)
	at java.base/jdk.internal.reflect.NativeMethodAccessorImpl.invoke(NativeMethodAccessorImpl.java:77)
	at java.base/jdk.internal.reflect.DelegatingMethodAccessorImpl.invoke(DelegatingMethodAccessorImpl.java:43)
	at java.base/java.lang.reflect.Method.invoke(Method.java:568)
	at org.testng.internal.MethodInvocationHelper.invokeMethod(MethodInvocationHelper.java:133)
	at org.testng.internal.TestInvoker.invokeMethod(TestInvoker.java:598)
	at org.testng.internal.TestInvoker.invokeTestMethod(TestInvoker.java:173)
	at org.testng.internal.MethodRunner.runInSequence(MethodRunner.java:46)
	at org.testng.internal.TestInvoker$MethodInvocationAgent.invoke(TestInvoker.java:824)
	at org.testng.internal.TestInvoker.invokeTestMethods(TestInvoker.java:146)
	at org.testng.internal.TestMethodWorker.invokeTestMethods(TestMethodWorker.java:146)
	at org.testng.internal.TestMethodWorker.run(TestMethodWorker.java:128)
	at java.base/java.util.concurrent.ThreadPoolExecutor.runWorker(ThreadPoolExecutor.java:1136)
	at java.base/java.util.concurrent.ThreadPoolExecutor$Worker.run(ThreadPoolExecutor.java:635)
	at java.base/java.lang.Thread.run(Thread.java:833)
</pre></div></td>
<td>0</td>
<td>annotations.TestNGKey@6069db50</td></tr>
</table><p>
<table width='100%' border='1' class='invocation-passed'>
<tr><td colspan='4' align='center'><b>PASSED TESTS</b></td></tr>
<tr><td><b>Test method</b></td>
<td width="30%"><b>Exception</b></td>
<td width="10%"><b>Time (seconds)</b></td>
<td><b>Instance</b></td>
</tr>
<tr>
<td title='annotations.TestNGKey.abc()'><b>abc</b><br>Test class: annotations.TestNGKey</td>
<td></td>
<td>0</td>
<td>annotations.TestNGKey@6069db50</td></tr>
<tr>
<td title='annotations.Sample.test3()'><b>test3</b><br>Test class: annotations.Sample</td>
<td></td>
<td>0</td>
<td>annotations.Sample@4efbca5a</td></tr>
<tr>
<td title='listeners1.Sample.test3()'><b>test3</b><br>Test class: listeners1.Sample</td>
<td></td>
<td>0</td>
<td>listeners1.Sample@77fbd92c</td></tr>
<tr>
<td title='annotations.Sample.test2()'><b>test2</b><br>Test class: annotations.Sample</td>
<td></td>
<td>0</td>
<td>annotations.Sample@4efbca5a</td></tr>
<tr>
<td title='annotations.TestNGKey.abc()'><b>abc</b><br>Test class: annotations.TestNGKey</td>
<td></td>
<td>0</td>
<td>annotations.TestNGKey@6069db50</td></tr>
<tr>
<td title='demoPackageV1.Sample.test1()'><b>test1</b><br>Test class: demoPackageV1.Sample</td>
<td></td>
<td>0</td>
<td>demoPackageV1.Sample@67c27493</td></tr>
<tr>
<td title='annotations.TestNGKey.abc()'><b>abc</b><br>Test class: annotations.TestNGKey</td>
<td></td>
<td>0</td>
<td>annotations.TestNGKey@6069db50</td></tr>
<tr>
<td title='annotations.Example1.abc()'><b>abc</b><br>Test class: annotations.Example1</td>
<td></td>
<td>0</td>
<td>annotations.Example1@16d04d3d</td></tr>
<tr>
<td title='annotations.Sample.test1()'><b>test1</b><br>Test class: annotations.Sample</td>
<td></td>
<td>0</td>
<td>annotations.Sample@4efbca5a</td></tr>
<tr>
<td title='demoPackageV1.Sample.test3()'><b>test3</b><br>Test class: demoPackageV1.Sample</td>
<td></td>
<td>0</td>
<td>demoPackageV1.Sample@67c27493</td></tr>
<tr>
<td title='demoPackageV1.Example1.abc()'><b>abc</b><br>Test class: demoPackageV1.Example1</td>
<td></td>
<td>0</td>
<td>demoPackageV1.Example1@4550bb58</td></tr>
<tr>
<td title='demoPackageV1.Example1.xyz()'><b>xyz</b><br>Test class: demoPackageV1.Example1</td>
<td></td>
<td>0</td>
<td>demoPackageV1.Example1@4550bb58</td></tr>
<tr>
<td title='annotations.TestNGKey.abc()'><b>abc</b><br>Test class: annotations.TestNGKey</td>
<td></td>
<td>0</td>
<td>annotations.TestNGKey@6069db50</td></tr>
<tr>
<td title='demoPackageV1.HardAssert.test1()'><b>test1</b><br>Test class: demoPackageV1.HardAssert</td>
<td></td>
<td>0</td>
<td>demoPackageV1.HardAssert@1b7cc17c</td></tr>
<tr>
<td title='annotations.TestNGKey.abc()'><b>abc</b><br>Test class: annotations.TestNGKey</td>
<td></td>
<td>0</td>
<td>annotations.TestNGKey@6069db50</td></tr>
<tr>
<td title='annotations.Example1.xyz()'><b>xyz</b><br>Test class: annotations.Example1</td>
<td></td>
<td>0</td>
<td>annotations.Example1@16d04d3d</td></tr>
<tr>
<td title='demoPackageV1.Sample.test2()'><b>test2</b><br>Test class: demoPackageV1.Sample</td>
<td></td>
<td>0</td>
<td>demoPackageV1.Sample@67c27493</td></tr>
<tr>
<td title='annotations.Example2.f()'><b>f</b><br>Test class: annotations.Example2</td>
<td></td>
<td>0</td>
<td>annotations.Example2@59662a0b</td></tr>
<tr>
<td title='demoPackageV1.HardAssert.test2()'><b>test2</b><br>Test class: demoPackageV1.HardAssert</td>
<td></td>
<td>0</td>
<td>demoPackageV1.HardAssert@1b7cc17c</td></tr>
<tr>
<td title='listeners1.Sample.test1()'><b>test1</b><br>Test class: listeners1.Sample</td>
<td></td>
<td>0</td>
<td>listeners1.Sample@77fbd92c</td></tr>
</table><p>
<table width='100%' border='1' class='invocation-skipped'>
<tr><td colspan='4' align='center'><b>SKIPPED TESTS</b></td></tr>
<tr><td><b>Test method</b></td>
<td width="30%"><b>Exception</b></td>
<td width="10%"><b>Time (seconds)</b></td>
<td><b>Instance</b></td>
</tr>
<tr>
<td title='annotations.TestNGKey.xyz()'><b>xyz</b><br>Test class: annotations.TestNGKey</td>
<td><div><pre>java.lang.Throwable: Method TestNGKey.xyz()[pri:4, instance:annotations.TestNGKey@6069db50] depends on not successfully finished methods
	at java.base/java.util.concurrent.ThreadPoolExecutor.runWorker(ThreadPoolExecutor.java:1136)
	at java.base/java.util.concurrent.ThreadPoolExecutor$Worker.run(ThreadPoolExecutor.java:635)
	at java.base/java.lang.Thread.run(Thread.java:833)
... Removed 3 stack frames</pre></div><a href='#' onClick='toggleBox("stack-trace839890579", this, "Click to show all stack frames", "Click to hide stack frames")'>Click to show all stack frames</a>
<div class='stack-trace' id='stack-trace839890579'><pre>java.lang.Throwable: Method TestNGKey.xyz()[pri:4, instance:annotations.TestNGKey@6069db50] depends on not successfully finished methods
	at org.testng.internal.TestInvoker.invokeTestMethods(TestInvoker.java:102)
	at org.testng.internal.TestMethodWorker.invokeTestMethods(TestMethodWorker.java:146)
	at org.testng.internal.TestMethodWorker.run(TestMethodWorker.java:128)
	at java.base/java.util.concurrent.ThreadPoolExecutor.runWorker(ThreadPoolExecutor.java:1136)
	at java.base/java.util.concurrent.ThreadPoolExecutor$Worker.run(ThreadPoolExecutor.java:635)
	at java.base/java.lang.Thread.run(Thread.java:833)
</pre></div></td>
<td>0</td>
<td>annotations.TestNGKey@6069db50</td></tr>
</table><p>
</body>
</html>